<?xml version="1.0" encoding="UTF-8"?>
<testng-results ignored="0" total="4" passed="3" failed="1" skipped="0">
  <reporter-output>
  </reporter-output>
  <suite started-at="2025-03-06T13:28:46 IST" name="Default suite" finished-at="2025-03-06T13:29:33 IST" duration-ms="47144">
    <groups>
    </groups>
    <test started-at="2025-03-06T13:28:46 IST" name="Default test" finished-at="2025-03-06T13:29:33 IST" duration-ms="47144">
      <class name="pathology_TestScripts.PathologyLabManagement_Automation">
        <test-method is-config="true" signature="setup()[pri:0, instance:pathology_TestScripts.PathologyLabManagement_Automation@3af9c5b7]" started-at="2025-03-06T13:28:46 IST" name="setup" finished-at="2025-03-06T13:28:51 IST" duration-ms="5074" status="PASS">
          <reporter-output>
          </reporter-output>
        </test-method> <!-- setup -->
        <test-method signature="LoginTest()[pri:0, instance:pathology_TestScripts.PathologyLabManagement_Automation@3af9c5b7]" started-at="2025-03-06T13:28:51 IST" name="LoginTest" finished-at="2025-03-06T13:28:55 IST" duration-ms="4613" status="PASS">
          <reporter-output>
          </reporter-output>
        </test-method> <!-- LoginTest -->
        <test-method signature="addPatientTest()[pri:1, instance:pathology_TestScripts.PathologyLabManagement_Automation@3af9c5b7]" started-at="2025-03-06T13:28:55 IST" name="addPatientTest" finished-at="2025-03-06T13:28:57 IST" duration-ms="1458" status="PASS">
          <reporter-output>
          </reporter-output>
        </test-method> <!-- addPatientTest -->
        <test-method signature="addTests()[pri:2, instance:pathology_TestScripts.PathologyLabManagement_Automation@3af9c5b7]" started-at="2025-03-06T13:28:57 IST" name="addTests" finished-at="2025-03-06T13:28:59 IST" duration-ms="1633" status="FAIL">
          <exception class="org.openqa.selenium.ElementClickInterceptedException">
            <message>
              <![CDATA[element click intercepted: Element <li tabindex="-1" role="option" id="patient-test-option-3" data-option-index="3" aria-disabled="false" aria-selected="false" class="MuiAutocomplete-option" style="position: absolute; left: 0px; top: 116px; height: 36px; width: 100%;">...</li> is not clickable at point (775, 375). Other element would receive the click: <div class="MuiBox-root jss220"></div>
  (Session info: chrome=133.0.6943.142)
Build info: version: '4.27.0', revision: 'd6e718d'
System info: os.name: 'Windows 11', os.arch: 'amd64', os.version: '10.0', java.version: '18.0.1.1'
Driver info: org.openqa.selenium.chrome.ChromeDriver
Command: [94bb6a746e2900727e233a28219f946d, clickElement {id=f.93081AA2E3C3B53B9A2F45D2F7DD9077.d.BB34F060AE75B396B8BFD8009368CAB0.e.360}]
Capabilities {acceptInsecureCerts: false, browserName: chrome, browserVersion: 133.0.6943.142, chrome: {chromedriverVersion: 133.0.6943.141 (2a5d6da0d61..., userDataDir: C:\WINDOWS\SystemTemp\scope...}, fedcm:accounts: true, goog:chromeOptions: {debuggerAddress: localhost:53810}, networkConnectionEnabled: false, pageLoadStrategy: normal, platformName: windows, proxy: Proxy(), se:cdp: ws://localhost:53810/devtoo..., se:cdpVersion: 133.0.6943.142, setWindowRect: true, strictFileInteractability: false, timeouts: {implicit: 0, pageLoad: 300000, script: 30000}, unhandledPromptBehavior: dismiss and notify, webauthn:extension:credBlob: true, webauthn:extension:largeBlob: true, webauthn:extension:minPinLength: true, webauthn:extension:prf: true, webauthn:virtualAuthenticators: true}
Element: [[ChromeDriver: chrome on windows (94bb6a746e2900727e233a28219f946d)] -> xpath: //*[@id="patient-test-popup"]/ul/li[4]]
Session ID: 94bb6a746e2900727e233a28219f946d]]>
            </message>
            <full-stacktrace>
              <![CDATA[org.openqa.selenium.ElementClickInterceptedException: element click intercepted: Element <li tabindex="-1" role="option" id="patient-test-option-3" data-option-index="3" aria-disabled="false" aria-selected="false" class="MuiAutocomplete-option" style="position: absolute; left: 0px; top: 116px; height: 36px; width: 100%;">...</li> is not clickable at point (775, 375). Other element would receive the click: <div class="MuiBox-root jss220"></div>
  (Session info: chrome=133.0.6943.142)
Build info: version: '4.27.0', revision: 'd6e718d'
System info: os.name: 'Windows 11', os.arch: 'amd64', os.version: '10.0', java.version: '18.0.1.1'
Driver info: org.openqa.selenium.chrome.ChromeDriver
Command: [94bb6a746e2900727e233a28219f946d, clickElement {id=f.93081AA2E3C3B53B9A2F45D2F7DD9077.d.BB34F060AE75B396B8BFD8009368CAB0.e.360}]
Capabilities {acceptInsecureCerts: false, browserName: chrome, browserVersion: 133.0.6943.142, chrome: {chromedriverVersion: 133.0.6943.141 (2a5d6da0d61..., userDataDir: C:\WINDOWS\SystemTemp\scope...}, fedcm:accounts: true, goog:chromeOptions: {debuggerAddress: localhost:53810}, networkConnectionEnabled: false, pageLoadStrategy: normal, platformName: windows, proxy: Proxy(), se:cdp: ws://localhost:53810/devtoo..., se:cdpVersion: 133.0.6943.142, setWindowRect: true, strictFileInteractability: false, timeouts: {implicit: 0, pageLoad: 300000, script: 30000}, unhandledPromptBehavior: dismiss and notify, webauthn:extension:credBlob: true, webauthn:extension:largeBlob: true, webauthn:extension:minPinLength: true, webauthn:extension:prf: true, webauthn:virtualAuthenticators: true}
Element: [[ChromeDriver: chrome on windows (94bb6a746e2900727e233a28219f946d)] -> xpath: //*[@id="patient-test-popup"]/ul/li[4]]
Session ID: 94bb6a746e2900727e233a28219f946d
at java.base/jdk.internal.reflect.DirectConstructorHandleAccessor.newInstance(DirectConstructorHandleAccessor.java:67)
at java.base/java.lang.reflect.Constructor.newInstanceWithCaller(Constructor.java:499)
at java.base/java.lang.reflect.Constructor.newInstance(Constructor.java:483)
at org.openqa.selenium.remote.ErrorCodec.decode(ErrorCodec.java:167)
at org.openqa.selenium.remote.codec.w3c.W3CHttpResponseCodec.decode(W3CHttpResponseCodec.java:138)
at org.openqa.selenium.remote.codec.w3c.W3CHttpResponseCodec.decode(W3CHttpResponseCodec.java:50)
at org.openqa.selenium.remote.HttpCommandExecutor.execute(HttpCommandExecutor.java:190)
at org.openqa.selenium.remote.service.DriverCommandExecutor.invokeExecute(DriverCommandExecutor.java:216)
at org.openqa.selenium.remote.service.DriverCommandExecutor.execute(DriverCommandExecutor.java:174)
at org.openqa.selenium.remote.RemoteWebDriver.execute(RemoteWebDriver.java:545)
at org.openqa.selenium.remote.RemoteWebElement.execute(RemoteWebElement.java:223)
at org.openqa.selenium.remote.RemoteWebElement.click(RemoteWebElement.java:76)
at java.base/jdk.internal.reflect.DirectMethodHandleAccessor.invoke(DirectMethodHandleAccessor.java:104)
at java.base/java.lang.reflect.Method.invoke(Method.java:577)
at org.openqa.selenium.support.pagefactory.internal.LocatingElementHandler.invoke(LocatingElementHandler.java:51)
at jdk.proxy2/jdk.proxy2.$Proxy11.click(Unknown Source)
at pathology_POM_Elements.AddPatients_CreatingTests.addTests(AddPatients_CreatingTests.java:72)
at pathology_TestScripts.PathologyLabManagement_Automation.addTests(PathologyLabManagement_Automation.java:37)
at java.base/jdk.internal.reflect.DirectMethodHandleAccessor.invoke(DirectMethodHandleAccessor.java:104)
at java.base/java.lang.reflect.Method.invoke(Method.java:577)
at org.testng.internal.invokers.MethodInvocationHelper.invokeMethod(MethodInvocationHelper.java:141)
at org.testng.internal.invokers.TestInvoker.invokeMethod(TestInvoker.java:686)
at org.testng.internal.invokers.TestInvoker.invokeTestMethod(TestInvoker.java:230)
at org.testng.internal.invokers.MethodRunner.runInSequence(MethodRunner.java:63)
at org.testng.internal.invokers.TestInvoker$MethodInvocationAgent.invoke(TestInvoker.java:992)
at org.testng.internal.invokers.TestInvoker.invokeTestMethods(TestInvoker.java:203)
at org.testng.internal.invokers.TestMethodWorker.invokeTestMethods(TestMethodWorker.java:154)
at org.testng.internal.invokers.TestMethodWorker.run(TestMethodWorker.java:134)
at java.base/java.util.ArrayList.forEach(ArrayList.java:1511)
at org.testng.TestRunner.privateRun(TestRunner.java:739)
at org.testng.TestRunner.run(TestRunner.java:614)
at org.testng.SuiteRunner.runTest(SuiteRunner.java:421)
at org.testng.SuiteRunner.runSequentially(SuiteRunner.java:413)
at org.testng.SuiteRunner.privateRun(SuiteRunner.java:373)
at org.testng.SuiteRunner.run(SuiteRunner.java:312)
at org.testng.SuiteRunnerWorker.runSuite(SuiteRunnerWorker.java:52)
at org.testng.SuiteRunnerWorker.run(SuiteRunnerWorker.java:95)
at org.testng.TestNG.runSuitesSequentially(TestNG.java:1274)
at org.testng.TestNG.runSuitesLocally(TestNG.java:1208)
at org.testng.TestNG.runSuites(TestNG.java:1112)
at org.testng.TestNG.run(TestNG.java:1079)
at org.testng.remote.AbstractRemoteTestNG.run(AbstractRemoteTestNG.java:115)
at org.testng.remote.RemoteTestNG.initAndRun(RemoteTestNG.java:293)
at org.testng.remote.RemoteTestNG.main(RemoteTestNG.java:91)
]]>
            </full-stacktrace>
          </exception> <!-- org.openqa.selenium.ElementClickInterceptedException -->
          <reporter-output>
          </reporter-output>
        </test-method> <!-- addTests -->
        <test-method signature="CostCalculatorTest()[pri:3, instance:pathology_TestScripts.PathologyLabManagement_Automation@3af9c5b7]" started-at="2025-03-06T13:28:59 IST" name="CostCalculatorTest" finished-at="2025-03-06T13:29:33 IST" duration-ms="34305" status="PASS">
          <reporter-output>
          </reporter-output>
        </test-method> <!-- CostCalculatorTest -->
      </class> <!-- pathology_TestScripts.PathologyLabManagement_Automation -->
    </test> <!-- Default test -->
  </suite> <!-- Default suite -->
</testng-results>
